--------------------------------------------------------------------------------
Release 14.7 Trace  (nt64)
Copyright (c) 1995-2013 Xilinx, Inc.  All rights reserved.

C:\Xilinx\14.7\ISE_DS\ISE\bin\nt64\unwrapped\trce.exe -intstyle ise -v 3 -s 4
-n 3 -fastpaths -xml controlador.twx controlador.ncd -o controlador.twr
controlador.pcf -ucf controlador_cf.ucf

Design file:              controlador.ncd
Physical constraint file: controlador.pcf
Device,package,speed:     xc3s500e,fg320,-4 (PRODUCTION 1.27 2013-10-13)
Report level:             verbose report

Environment Variable      Effect 
--------------------      ------ 
NONE                      No environment variables were set
--------------------------------------------------------------------------------

INFO:Timing:3412 - To improve timing, see the Timing Closure User Guide (UG612).
INFO:Timing:2752 - To get complete path coverage, use the unconstrained paths 
   option. All paths that are not constrained will be reported in the 
   unconstrained paths section(s) of the report.
INFO:Timing:3339 - The clock-to-out numbers in this timing report are based on 
   a 50 Ohm transmission line loading model.  For the details of this model, 
   and for more information on accounting for different loading conditions, 
   please see the device datasheet.
INFO:Timing:3390 - This architecture does not support a default System Jitter 
   value, please add SYSTEM_JITTER constraint to the UCF to modify the Clock 
   Uncertainty calculation.
INFO:Timing:3389 - This architecture does not support 'Discrete Jitter' and 
   'Phase Error' calculations, these terms will be zero in the Clock 
   Uncertainty calculation.  Please make appropriate modification to 
   SYSTEM_JITTER to account for the unsupported Discrete Jitter and Phase 
   Error.

================================================================================
Timing constraint: NET "clk_BUFGP/IBUFG" PERIOD = 20 ns HIGH 50%;
For more information, see Period Analysis in the Timing Closure User Guide (UG612).

 2220 paths analyzed, 208 endpoints analyzed, 0 failing endpoints
 0 timing errors detected. (0 setup errors, 0 hold errors, 0 component switching limit errors)
 Minimum period is   9.209ns.
--------------------------------------------------------------------------------

Paths for end point E (SLICE_X33Y27.SR), 275 paths
--------------------------------------------------------------------------------
Slack (setup path):     10.791ns (requirement - (data path - clock path skew + uncertainty))
  Source:               cuenta_11 (FF)
  Destination:          E (FF)
  Requirement:          20.000ns
  Data Path Delay:      9.209ns (Levels of Logic = 5)
  Clock Path Skew:      0.000ns
  Source Clock:         clk_BUFGP rising at 0.000ns
  Destination Clock:    clk_BUFGP rising at 20.000ns
  Clock Uncertainty:    0.000ns

  Maximum Data Path: cuenta_11 to E
    Location             Delay type         Delay(ns)  Physical Resource
                                                       Logical Resource(s)
    -------------------------------------------------  -------------------
    SLICE_X22Y32.XQ      Tcko                  0.592   cuenta<11>
                                                       cuenta_11
    SLICE_X21Y34.G1      net (fanout=2)        1.127   cuenta<11>
    SLICE_X21Y34.COUT    Topcyg                1.001   Mcompar_cuenta_cmp_lt0000_cy<5>
                                                       Mcompar_cuenta_cmp_lt0000_lut<5>
                                                       Mcompar_cuenta_cmp_lt0000_cy<5>
    SLICE_X21Y35.CIN     net (fanout=1)        0.000   Mcompar_cuenta_cmp_lt0000_cy<5>
    SLICE_X21Y35.XB      Tcinxb                0.404   Mcompar_cuenta_cmp_lt0000_cy<6>
                                                       Mcompar_cuenta_cmp_lt0000_cy<6>
    SLICE_X24Y34.G2      net (fanout=22)       1.367   Mcompar_cuenta_cmp_lt0000_cy<6>
    SLICE_X24Y34.Y       Tilo                  0.759   cuenta<13>
                                                       cuenta_mux0000<12>1
    SLICE_X25Y33.G3      net (fanout=1)        0.343   cuenta_mux0000<12>
    SLICE_X25Y33.COUT    Topcyg                1.001   Mcompar_E_cmp_lt0000_cy<5>
                                                       Mcompar_E_cmp_lt0000_lut<5>
                                                       Mcompar_E_cmp_lt0000_cy<5>
    SLICE_X25Y34.CIN     net (fanout=1)        0.000   Mcompar_E_cmp_lt0000_cy<5>
    SLICE_X25Y34.COUT    Tbyp                  0.118   Mcompar_E_cmp_lt0000_cy<7>
                                                       Mcompar_E_cmp_lt0000_cy<6>
                                                       Mcompar_E_cmp_lt0000_cy<7>
    SLICE_X33Y27.SR      net (fanout=1)        1.587   Mcompar_E_cmp_lt0000_cy<7>
    SLICE_X33Y27.CLK     Tsrck                 0.910   E_OBUF1
                                                       E
    -------------------------------------------------  ---------------------------
    Total                                      9.209ns (4.785ns logic, 4.424ns route)
                                                       (52.0% logic, 48.0% route)

--------------------------------------------------------------------------------
Slack (setup path):     10.912ns (requirement - (data path - clock path skew + uncertainty))
  Source:               cuenta_5 (FF)
  Destination:          E (FF)
  Requirement:          20.000ns
  Data Path Delay:      9.088ns (Levels of Logic = 7)
  Clock Path Skew:      0.000ns
  Source Clock:         clk_BUFGP rising at 0.000ns
  Destination Clock:    clk_BUFGP rising at 20.000ns
  Clock Uncertainty:    0.000ns

  Maximum Data Path: cuenta_5 to E
    Location             Delay type         Delay(ns)  Physical Resource
                                                       Logical Resource(s)
    -------------------------------------------------  -------------------
    SLICE_X22Y30.YQ      Tcko                  0.652   cuenta<5>
                                                       cuenta_5
    SLICE_X21Y32.F1      net (fanout=2)        0.549   cuenta<5>
    SLICE_X21Y32.COUT    Topcyf                1.162   Mcompar_cuenta_cmp_lt0000_cy<1>
                                                       cuenta<5>_rt
                                                       Mcompar_cuenta_cmp_lt0000_cy<0>
                                                       Mcompar_cuenta_cmp_lt0000_cy<1>
    SLICE_X21Y33.CIN     net (fanout=1)        0.000   Mcompar_cuenta_cmp_lt0000_cy<1>
    SLICE_X21Y33.COUT    Tbyp                  0.118   Mcompar_cuenta_cmp_lt0000_cy<3>
                                                       Mcompar_cuenta_cmp_lt0000_cy<2>
                                                       Mcompar_cuenta_cmp_lt0000_cy<3>
    SLICE_X21Y34.CIN     net (fanout=1)        0.000   Mcompar_cuenta_cmp_lt0000_cy<3>
    SLICE_X21Y34.COUT    Tbyp                  0.118   Mcompar_cuenta_cmp_lt0000_cy<5>
                                                       Mcompar_cuenta_cmp_lt0000_cy<4>
                                                       Mcompar_cuenta_cmp_lt0000_cy<5>
    SLICE_X21Y35.CIN     net (fanout=1)        0.000   Mcompar_cuenta_cmp_lt0000_cy<5>
    SLICE_X21Y35.XB      Tcinxb                0.404   Mcompar_cuenta_cmp_lt0000_cy<6>
                                                       Mcompar_cuenta_cmp_lt0000_cy<6>
    SLICE_X24Y34.G2      net (fanout=22)       1.367   Mcompar_cuenta_cmp_lt0000_cy<6>
    SLICE_X24Y34.Y       Tilo                  0.759   cuenta<13>
                                                       cuenta_mux0000<12>1
    SLICE_X25Y33.G3      net (fanout=1)        0.343   cuenta_mux0000<12>
    SLICE_X25Y33.COUT    Topcyg                1.001   Mcompar_E_cmp_lt0000_cy<5>
                                                       Mcompar_E_cmp_lt0000_lut<5>
                                                       Mcompar_E_cmp_lt0000_cy<5>
    SLICE_X25Y34.CIN     net (fanout=1)        0.000   Mcompar_E_cmp_lt0000_cy<5>
    SLICE_X25Y34.COUT    Tbyp                  0.118   Mcompar_E_cmp_lt0000_cy<7>
                                                       Mcompar_E_cmp_lt0000_cy<6>
                                                       Mcompar_E_cmp_lt0000_cy<7>
    SLICE_X33Y27.SR      net (fanout=1)        1.587   Mcompar_E_cmp_lt0000_cy<7>
    SLICE_X33Y27.CLK     Tsrck                 0.910   E_OBUF1
                                                       E
    -------------------------------------------------  ---------------------------
    Total                                      9.088ns (5.242ns logic, 3.846ns route)
                                                       (57.7% logic, 42.3% route)

--------------------------------------------------------------------------------
Slack (setup path):     10.990ns (requirement - (data path - clock path skew + uncertainty))
  Source:               cuenta_6 (FF)
  Destination:          E (FF)
  Requirement:          20.000ns
  Data Path Delay:      9.010ns (Levels of Logic = 7)
  Clock Path Skew:      0.000ns
  Source Clock:         clk_BUFGP rising at 0.000ns
  Destination Clock:    clk_BUFGP rising at 20.000ns
  Clock Uncertainty:    0.000ns

  Maximum Data Path: cuenta_6 to E
    Location             Delay type         Delay(ns)  Physical Resource
                                                       Logical Resource(s)
    -------------------------------------------------  -------------------
    SLICE_X25Y32.XQ      Tcko                  0.591   cuenta<6>
                                                       cuenta_6
    SLICE_X21Y32.G4      net (fanout=2)        0.693   cuenta<6>
    SLICE_X21Y32.COUT    Topcyg                1.001   Mcompar_cuenta_cmp_lt0000_cy<1>
                                                       Mcompar_cuenta_cmp_lt0000_lut<1>_INV_0
                                                       Mcompar_cuenta_cmp_lt0000_cy<1>
    SLICE_X21Y33.CIN     net (fanout=1)        0.000   Mcompar_cuenta_cmp_lt0000_cy<1>
    SLICE_X21Y33.COUT    Tbyp                  0.118   Mcompar_cuenta_cmp_lt0000_cy<3>
                                                       Mcompar_cuenta_cmp_lt0000_cy<2>
                                                       Mcompar_cuenta_cmp_lt0000_cy<3>
    SLICE_X21Y34.CIN     net (fanout=1)        0.000   Mcompar_cuenta_cmp_lt0000_cy<3>
    SLICE_X21Y34.COUT    Tbyp                  0.118   Mcompar_cuenta_cmp_lt0000_cy<5>
                                                       Mcompar_cuenta_cmp_lt0000_cy<4>
                                                       Mcompar_cuenta_cmp_lt0000_cy<5>
    SLICE_X21Y35.CIN     net (fanout=1)        0.000   Mcompar_cuenta_cmp_lt0000_cy<5>
    SLICE_X21Y35.XB      Tcinxb                0.404   Mcompar_cuenta_cmp_lt0000_cy<6>
                                                       Mcompar_cuenta_cmp_lt0000_cy<6>
    SLICE_X24Y34.G2      net (fanout=22)       1.367   Mcompar_cuenta_cmp_lt0000_cy<6>
    SLICE_X24Y34.Y       Tilo                  0.759   cuenta<13>
                                                       cuenta_mux0000<12>1
    SLICE_X25Y33.G3      net (fanout=1)        0.343   cuenta_mux0000<12>
    SLICE_X25Y33.COUT    Topcyg                1.001   Mcompar_E_cmp_lt0000_cy<5>
                                                       Mcompar_E_cmp_lt0000_lut<5>
                                                       Mcompar_E_cmp_lt0000_cy<5>
    SLICE_X25Y34.CIN     net (fanout=1)        0.000   Mcompar_E_cmp_lt0000_cy<5>
    SLICE_X25Y34.COUT    Tbyp                  0.118   Mcompar_E_cmp_lt0000_cy<7>
                                                       Mcompar_E_cmp_lt0000_cy<6>
                                                       Mcompar_E_cmp_lt0000_cy<7>
    SLICE_X33Y27.SR      net (fanout=1)        1.587   Mcompar_E_cmp_lt0000_cy<7>
    SLICE_X33Y27.CLK     Tsrck                 0.910   E_OBUF1
                                                       E
    -------------------------------------------------  ---------------------------
    Total                                      9.010ns (5.020ns logic, 3.990ns route)
                                                       (55.7% logic, 44.3% route)

--------------------------------------------------------------------------------

Paths for end point m0/count_4 (SLICE_X19Y82.SR), 17 paths
--------------------------------------------------------------------------------
Slack (setup path):     13.593ns (requirement - (data path - clock path skew + uncertainty))
  Source:               m0/count_7 (FF)
  Destination:          m0/count_4 (FF)
  Requirement:          20.000ns
  Data Path Delay:      6.407ns (Levels of Logic = 6)
  Clock Path Skew:      0.000ns
  Source Clock:         clk_BUFGP rising at 0.000ns
  Destination Clock:    clk_BUFGP rising at 20.000ns
  Clock Uncertainty:    0.000ns

  Maximum Data Path: m0/count_7 to m0/count_4
    Location             Delay type         Delay(ns)  Physical Resource
                                                       Logical Resource(s)
    -------------------------------------------------  -------------------
    SLICE_X19Y83.YQ      Tcko                  0.587   m0/count<6>
                                                       m0/count_7
    SLICE_X23Y86.F3      net (fanout=3)        0.992   m0/count<7>
    SLICE_X23Y86.COUT    Topcyf                1.162   m0/Mcompar_count_cmp_lt0000_cy<1>
                                                       m0/count<7>_rt
                                                       m0/Mcompar_count_cmp_lt0000_cy<0>
                                                       m0/Mcompar_count_cmp_lt0000_cy<1>
    SLICE_X23Y87.CIN     net (fanout=1)        0.000   m0/Mcompar_count_cmp_lt0000_cy<1>
    SLICE_X23Y87.COUT    Tbyp                  0.118   m0/Mcompar_count_cmp_lt0000_cy<3>
                                                       m0/Mcompar_count_cmp_lt0000_cy<2>
                                                       m0/Mcompar_count_cmp_lt0000_cy<3>
    SLICE_X23Y88.CIN     net (fanout=1)        0.000   m0/Mcompar_count_cmp_lt0000_cy<3>
    SLICE_X23Y88.COUT    Tbyp                  0.118   m0/Mcompar_count_cmp_lt0000_cy<5>
                                                       m0/Mcompar_count_cmp_lt0000_cy<4>
                                                       m0/Mcompar_count_cmp_lt0000_cy<5>
    SLICE_X23Y89.CIN     net (fanout=1)        0.000   m0/Mcompar_count_cmp_lt0000_cy<5>
    SLICE_X23Y89.COUT    Tbyp                  0.118   m0/Mcompar_count_cmp_lt0000_cy<7>
                                                       m0/Mcompar_count_cmp_lt0000_cy<6>
                                                       m0/Mcompar_count_cmp_lt0000_cy<7>
    SLICE_X23Y90.CIN     net (fanout=1)        0.000   m0/Mcompar_count_cmp_lt0000_cy<7>
    SLICE_X23Y90.COUT    Tbyp                  0.118   m0/Mcompar_count_cmp_lt0000_cy<9>
                                                       m0/Mcompar_count_cmp_lt0000_cy<8>
                                                       m0/Mcompar_count_cmp_lt0000_cy<9>
    SLICE_X23Y91.CIN     net (fanout=1)        0.000   m0/Mcompar_count_cmp_lt0000_cy<9>
    SLICE_X23Y91.XB      Tcinxb                0.404   m0/Mcompar_count_cmp_lt0000_cy<10>
                                                       m0/Mcompar_count_cmp_lt0000_cy<10>
    SLICE_X19Y82.SR      net (fanout=12)       1.880   m0/Mcompar_count_cmp_lt0000_cy<10>
    SLICE_X19Y82.CLK     Tsrck                 0.910   m0/count<4>
                                                       m0/count_4
    -------------------------------------------------  ---------------------------
    Total                                      6.407ns (3.535ns logic, 2.872ns route)
                                                       (55.2% logic, 44.8% route)

--------------------------------------------------------------------------------
Slack (setup path):     13.810ns (requirement - (data path - clock path skew + uncertainty))
  Source:               m0/count_11 (FF)
  Destination:          m0/count_4 (FF)
  Requirement:          20.000ns
  Data Path Delay:      6.187ns (Levels of Logic = 5)
  Clock Path Skew:      -0.003ns (0.009 - 0.012)
  Source Clock:         clk_BUFGP rising at 0.000ns
  Destination Clock:    clk_BUFGP rising at 20.000ns
  Clock Uncertainty:    0.000ns

  Maximum Data Path: m0/count_11 to m0/count_4
    Location             Delay type         Delay(ns)  Physical Resource
                                                       Logical Resource(s)
    -------------------------------------------------  -------------------
    SLICE_X19Y85.YQ      Tcko                  0.587   m0/count<10>
                                                       m0/count_11
    SLICE_X23Y87.G2      net (fanout=3)        1.051   m0/count<11>
    SLICE_X23Y87.COUT    Topcyg                1.001   m0/Mcompar_count_cmp_lt0000_cy<3>
                                                       m0/Mcompar_count_cmp_lt0000_lut<3>_INV_0
                                                       m0/Mcompar_count_cmp_lt0000_cy<3>
    SLICE_X23Y88.CIN     net (fanout=1)        0.000   m0/Mcompar_count_cmp_lt0000_cy<3>
    SLICE_X23Y88.COUT    Tbyp                  0.118   m0/Mcompar_count_cmp_lt0000_cy<5>
                                                       m0/Mcompar_count_cmp_lt0000_cy<4>
                                                       m0/Mcompar_count_cmp_lt0000_cy<5>
    SLICE_X23Y89.CIN     net (fanout=1)        0.000   m0/Mcompar_count_cmp_lt0000_cy<5>
    SLICE_X23Y89.COUT    Tbyp                  0.118   m0/Mcompar_count_cmp_lt0000_cy<7>
                                                       m0/Mcompar_count_cmp_lt0000_cy<6>
                                                       m0/Mcompar_count_cmp_lt0000_cy<7>
    SLICE_X23Y90.CIN     net (fanout=1)        0.000   m0/Mcompar_count_cmp_lt0000_cy<7>
    SLICE_X23Y90.COUT    Tbyp                  0.118   m0/Mcompar_count_cmp_lt0000_cy<9>
                                                       m0/Mcompar_count_cmp_lt0000_cy<8>
                                                       m0/Mcompar_count_cmp_lt0000_cy<9>
    SLICE_X23Y91.CIN     net (fanout=1)        0.000   m0/Mcompar_count_cmp_lt0000_cy<9>
    SLICE_X23Y91.XB      Tcinxb                0.404   m0/Mcompar_count_cmp_lt0000_cy<10>
                                                       m0/Mcompar_count_cmp_lt0000_cy<10>
    SLICE_X19Y82.SR      net (fanout=12)       1.880   m0/Mcompar_count_cmp_lt0000_cy<10>
    SLICE_X19Y82.CLK     Tsrck                 0.910   m0/count<4>
                                                       m0/count_4
    -------------------------------------------------  ---------------------------
    Total                                      6.187ns (3.256ns logic, 2.931ns route)
                                                       (52.6% logic, 47.4% route)

--------------------------------------------------------------------------------
Slack (setup path):     13.832ns (requirement - (data path - clock path skew + uncertainty))
  Source:               m0/count_9 (FF)
  Destination:          m0/count_4 (FF)
  Requirement:          20.000ns
  Data Path Delay:      6.165ns (Levels of Logic = 5)
  Clock Path Skew:      -0.003ns (0.009 - 0.012)
  Source Clock:         clk_BUFGP rising at 0.000ns
  Destination Clock:    clk_BUFGP rising at 20.000ns
  Clock Uncertainty:    0.000ns

  Maximum Data Path: m0/count_9 to m0/count_4
    Location             Delay type         Delay(ns)  Physical Resource
                                                       Logical Resource(s)
    -------------------------------------------------  -------------------
    SLICE_X19Y84.YQ      Tcko                  0.587   m0/count<8>
                                                       m0/count_9
    SLICE_X23Y87.F1      net (fanout=3)        0.868   m0/count<9>
    SLICE_X23Y87.COUT    Topcyf                1.162   m0/Mcompar_count_cmp_lt0000_cy<3>
                                                       m0/Mcompar_count_cmp_lt0000_lut<2>
                                                       m0/Mcompar_count_cmp_lt0000_cy<2>
                                                       m0/Mcompar_count_cmp_lt0000_cy<3>
    SLICE_X23Y88.CIN     net (fanout=1)        0.000   m0/Mcompar_count_cmp_lt0000_cy<3>
    SLICE_X23Y88.COUT    Tbyp                  0.118   m0/Mcompar_count_cmp_lt0000_cy<5>
                                                       m0/Mcompar_count_cmp_lt0000_cy<4>
                                                       m0/Mcompar_count_cmp_lt0000_cy<5>
    SLICE_X23Y89.CIN     net (fanout=1)        0.000   m0/Mcompar_count_cmp_lt0000_cy<5>
    SLICE_X23Y89.COUT    Tbyp                  0.118   m0/Mcompar_count_cmp_lt0000_cy<7>
                                                       m0/Mcompar_count_cmp_lt0000_cy<6>
                                                       m0/Mcompar_count_cmp_lt0000_cy<7>
    SLICE_X23Y90.CIN     net (fanout=1)        0.000   m0/Mcompar_count_cmp_lt0000_cy<7>
    SLICE_X23Y90.COUT    Tbyp                  0.118   m0/Mcompar_count_cmp_lt0000_cy<9>
                                                       m0/Mcompar_count_cmp_lt0000_cy<8>
                                                       m0/Mcompar_count_cmp_lt0000_cy<9>
    SLICE_X23Y91.CIN     net (fanout=1)        0.000   m0/Mcompar_count_cmp_lt0000_cy<9>
    SLICE_X23Y91.XB      Tcinxb                0.404   m0/Mcompar_count_cmp_lt0000_cy<10>
                                                       m0/Mcompar_count_cmp_lt0000_cy<10>
    SLICE_X19Y82.SR      net (fanout=12)       1.880   m0/Mcompar_count_cmp_lt0000_cy<10>
    SLICE_X19Y82.CLK     Tsrck                 0.910   m0/count<4>
                                                       m0/count_4
    -------------------------------------------------  ---------------------------
    Total                                      6.165ns (3.417ns logic, 2.748ns route)
                                                       (55.4% logic, 44.6% route)

--------------------------------------------------------------------------------

Paths for end point m0/count_5 (SLICE_X19Y82.SR), 17 paths
--------------------------------------------------------------------------------
Slack (setup path):     13.593ns (requirement - (data path - clock path skew + uncertainty))
  Source:               m0/count_7 (FF)
  Destination:          m0/count_5 (FF)
  Requirement:          20.000ns
  Data Path Delay:      6.407ns (Levels of Logic = 6)
  Clock Path Skew:      0.000ns
  Source Clock:         clk_BUFGP rising at 0.000ns
  Destination Clock:    clk_BUFGP rising at 20.000ns
  Clock Uncertainty:    0.000ns

  Maximum Data Path: m0/count_7 to m0/count_5
    Location             Delay type         Delay(ns)  Physical Resource
                                                       Logical Resource(s)
    -------------------------------------------------  -------------------
    SLICE_X19Y83.YQ      Tcko                  0.587   m0/count<6>
                                                       m0/count_7
    SLICE_X23Y86.F3      net (fanout=3)        0.992   m0/count<7>
    SLICE_X23Y86.COUT    Topcyf                1.162   m0/Mcompar_count_cmp_lt0000_cy<1>
                                                       m0/count<7>_rt
                                                       m0/Mcompar_count_cmp_lt0000_cy<0>
                                                       m0/Mcompar_count_cmp_lt0000_cy<1>
    SLICE_X23Y87.CIN     net (fanout=1)        0.000   m0/Mcompar_count_cmp_lt0000_cy<1>
    SLICE_X23Y87.COUT    Tbyp                  0.118   m0/Mcompar_count_cmp_lt0000_cy<3>
                                                       m0/Mcompar_count_cmp_lt0000_cy<2>
                                                       m0/Mcompar_count_cmp_lt0000_cy<3>
    SLICE_X23Y88.CIN     net (fanout=1)        0.000   m0/Mcompar_count_cmp_lt0000_cy<3>
    SLICE_X23Y88.COUT    Tbyp                  0.118   m0/Mcompar_count_cmp_lt0000_cy<5>
                                                       m0/Mcompar_count_cmp_lt0000_cy<4>
                                                       m0/Mcompar_count_cmp_lt0000_cy<5>
    SLICE_X23Y89.CIN     net (fanout=1)        0.000   m0/Mcompar_count_cmp_lt0000_cy<5>
    SLICE_X23Y89.COUT    Tbyp                  0.118   m0/Mcompar_count_cmp_lt0000_cy<7>
                                                       m0/Mcompar_count_cmp_lt0000_cy<6>
                                                       m0/Mcompar_count_cmp_lt0000_cy<7>
    SLICE_X23Y90.CIN     net (fanout=1)        0.000   m0/Mcompar_count_cmp_lt0000_cy<7>
    SLICE_X23Y90.COUT    Tbyp                  0.118   m0/Mcompar_count_cmp_lt0000_cy<9>
                                                       m0/Mcompar_count_cmp_lt0000_cy<8>
                                                       m0/Mcompar_count_cmp_lt0000_cy<9>
    SLICE_X23Y91.CIN     net (fanout=1)        0.000   m0/Mcompar_count_cmp_lt0000_cy<9>
    SLICE_X23Y91.XB      Tcinxb                0.404   m0/Mcompar_count_cmp_lt0000_cy<10>
                                                       m0/Mcompar_count_cmp_lt0000_cy<10>
    SLICE_X19Y82.SR      net (fanout=12)       1.880   m0/Mcompar_count_cmp_lt0000_cy<10>
    SLICE_X19Y82.CLK     Tsrck                 0.910   m0/count<4>
                                                       m0/count_5
    -------------------------------------------------  ---------------------------
    Total                                      6.407ns (3.535ns logic, 2.872ns route)
                                                       (55.2% logic, 44.8% route)

--------------------------------------------------------------------------------
Slack (setup path):     13.810ns (requirement - (data path - clock path skew + uncertainty))
  Source:               m0/count_11 (FF)
  Destination:          m0/count_5 (FF)
  Requirement:          20.000ns
  Data Path Delay:      6.187ns (Levels of Logic = 5)
  Clock Path Skew:      -0.003ns (0.009 - 0.012)
  Source Clock:         clk_BUFGP rising at 0.000ns
  Destination Clock:    clk_BUFGP rising at 20.000ns
  Clock Uncertainty:    0.000ns

  Maximum Data Path: m0/count_11 to m0/count_5
    Location             Delay type         Delay(ns)  Physical Resource
                                                       Logical Resource(s)
    -------------------------------------------------  -------------------
    SLICE_X19Y85.YQ      Tcko                  0.587   m0/count<10>
                                                       m0/count_11
    SLICE_X23Y87.G2      net (fanout=3)        1.051   m0/count<11>
    SLICE_X23Y87.COUT    Topcyg                1.001   m0/Mcompar_count_cmp_lt0000_cy<3>
                                                       m0/Mcompar_count_cmp_lt0000_lut<3>_INV_0
                                                       m0/Mcompar_count_cmp_lt0000_cy<3>
    SLICE_X23Y88.CIN     net (fanout=1)        0.000   m0/Mcompar_count_cmp_lt0000_cy<3>
    SLICE_X23Y88.COUT    Tbyp                  0.118   m0/Mcompar_count_cmp_lt0000_cy<5>
                                                       m0/Mcompar_count_cmp_lt0000_cy<4>
                                                       m0/Mcompar_count_cmp_lt0000_cy<5>
    SLICE_X23Y89.CIN     net (fanout=1)        0.000   m0/Mcompar_count_cmp_lt0000_cy<5>
    SLICE_X23Y89.COUT    Tbyp                  0.118   m0/Mcompar_count_cmp_lt0000_cy<7>
                                                       m0/Mcompar_count_cmp_lt0000_cy<6>
                                                       m0/Mcompar_count_cmp_lt0000_cy<7>
    SLICE_X23Y90.CIN     net (fanout=1)        0.000   m0/Mcompar_count_cmp_lt0000_cy<7>
    SLICE_X23Y90.COUT    Tbyp                  0.118   m0/Mcompar_count_cmp_lt0000_cy<9>
                                                       m0/Mcompar_count_cmp_lt0000_cy<8>
                                                       m0/Mcompar_count_cmp_lt0000_cy<9>
    SLICE_X23Y91.CIN     net (fanout=1)        0.000   m0/Mcompar_count_cmp_lt0000_cy<9>
    SLICE_X23Y91.XB      Tcinxb                0.404   m0/Mcompar_count_cmp_lt0000_cy<10>
                                                       m0/Mcompar_count_cmp_lt0000_cy<10>
    SLICE_X19Y82.SR      net (fanout=12)       1.880   m0/Mcompar_count_cmp_lt0000_cy<10>
    SLICE_X19Y82.CLK     Tsrck                 0.910   m0/count<4>
                                                       m0/count_5
    -------------------------------------------------  ---------------------------
    Total                                      6.187ns (3.256ns logic, 2.931ns route)
                                                       (52.6% logic, 47.4% route)

--------------------------------------------------------------------------------
Slack (setup path):     13.832ns (requirement - (data path - clock path skew + uncertainty))
  Source:               m0/count_9 (FF)
  Destination:          m0/count_5 (FF)
  Requirement:          20.000ns
  Data Path Delay:      6.165ns (Levels of Logic = 5)
  Clock Path Skew:      -0.003ns (0.009 - 0.012)
  Source Clock:         clk_BUFGP rising at 0.000ns
  Destination Clock:    clk_BUFGP rising at 20.000ns
  Clock Uncertainty:    0.000ns

  Maximum Data Path: m0/count_9 to m0/count_5
    Location             Delay type         Delay(ns)  Physical Resource
                                                       Logical Resource(s)
    -------------------------------------------------  -------------------
    SLICE_X19Y84.YQ      Tcko                  0.587   m0/count<8>
                                                       m0/count_9
    SLICE_X23Y87.F1      net (fanout=3)        0.868   m0/count<9>
    SLICE_X23Y87.COUT    Topcyf                1.162   m0/Mcompar_count_cmp_lt0000_cy<3>
                                                       m0/Mcompar_count_cmp_lt0000_lut<2>
                                                       m0/Mcompar_count_cmp_lt0000_cy<2>
                                                       m0/Mcompar_count_cmp_lt0000_cy<3>
    SLICE_X23Y88.CIN     net (fanout=1)        0.000   m0/Mcompar_count_cmp_lt0000_cy<3>
    SLICE_X23Y88.COUT    Tbyp                  0.118   m0/Mcompar_count_cmp_lt0000_cy<5>
                                                       m0/Mcompar_count_cmp_lt0000_cy<4>
                                                       m0/Mcompar_count_cmp_lt0000_cy<5>
    SLICE_X23Y89.CIN     net (fanout=1)        0.000   m0/Mcompar_count_cmp_lt0000_cy<5>
    SLICE_X23Y89.COUT    Tbyp                  0.118   m0/Mcompar_count_cmp_lt0000_cy<7>
                                                       m0/Mcompar_count_cmp_lt0000_cy<6>
                                                       m0/Mcompar_count_cmp_lt0000_cy<7>
    SLICE_X23Y90.CIN     net (fanout=1)        0.000   m0/Mcompar_count_cmp_lt0000_cy<7>
    SLICE_X23Y90.COUT    Tbyp                  0.118   m0/Mcompar_count_cmp_lt0000_cy<9>
                                                       m0/Mcompar_count_cmp_lt0000_cy<8>
                                                       m0/Mcompar_count_cmp_lt0000_cy<9>
    SLICE_X23Y91.CIN     net (fanout=1)        0.000   m0/Mcompar_count_cmp_lt0000_cy<9>
    SLICE_X23Y91.XB      Tcinxb                0.404   m0/Mcompar_count_cmp_lt0000_cy<10>
                                                       m0/Mcompar_count_cmp_lt0000_cy<10>
    SLICE_X19Y82.SR      net (fanout=12)       1.880   m0/Mcompar_count_cmp_lt0000_cy<10>
    SLICE_X19Y82.CLK     Tsrck                 0.910   m0/count<4>
                                                       m0/count_5
    -------------------------------------------------  ---------------------------
    Total                                      6.165ns (3.417ns logic, 2.748ns route)
                                                       (55.4% logic, 44.6% route)

--------------------------------------------------------------------------------

Hold Paths: NET "clk_BUFGP/IBUFG" PERIOD = 20 ns HIGH 50%;
--------------------------------------------------------------------------------

Paths for end point m3/count_2 (SLICE_X37Y72.F3), 1 path
--------------------------------------------------------------------------------
Slack (hold path):      1.580ns (requirement - (clock path skew + uncertainty - data path))
  Source:               m3/count_2 (FF)
  Destination:          m3/count_2 (FF)
  Requirement:          0.000ns
  Data Path Delay:      1.580ns (Levels of Logic = 1)
  Clock Path Skew:      0.000ns
  Source Clock:         clk_BUFGP rising at 20.000ns
  Destination Clock:    clk_BUFGP rising at 20.000ns
  Clock Uncertainty:    0.000ns

  Minimum Data Path: m3/count_2 to m3/count_2
    Location             Delay type         Delay(ns)  Physical Resource
                                                       Logical Resource(s)
    -------------------------------------------------  -------------------
    SLICE_X37Y72.XQ      Tcko                  0.473   m3/count<2>
                                                       m3/count_2
    SLICE_X37Y72.F3      net (fanout=1)        0.306   m3/count<2>
    SLICE_X37Y72.CLK     Tckf        (-Th)    -0.801   m3/count<2>
                                                       m3/count<2>_rt
                                                       m3/Mcount_count_xor<2>
                                                       m3/count_2
    -------------------------------------------------  ---------------------------
    Total                                      1.580ns (1.274ns logic, 0.306ns route)
                                                       (80.6% logic, 19.4% route)

--------------------------------------------------------------------------------

Paths for end point m0/count_4 (SLICE_X19Y82.F3), 1 path
--------------------------------------------------------------------------------
Slack (hold path):      1.580ns (requirement - (clock path skew + uncertainty - data path))
  Source:               m0/count_4 (FF)
  Destination:          m0/count_4 (FF)
  Requirement:          0.000ns
  Data Path Delay:      1.580ns (Levels of Logic = 1)
  Clock Path Skew:      0.000ns
  Source Clock:         clk_BUFGP rising at 20.000ns
  Destination Clock:    clk_BUFGP rising at 20.000ns
  Clock Uncertainty:    0.000ns

  Minimum Data Path: m0/count_4 to m0/count_4
    Location             Delay type         Delay(ns)  Physical Resource
                                                       Logical Resource(s)
    -------------------------------------------------  -------------------
    SLICE_X19Y82.XQ      Tcko                  0.473   m0/count<4>
                                                       m0/count_4
    SLICE_X19Y82.F3      net (fanout=1)        0.306   m0/count<4>
    SLICE_X19Y82.CLK     Tckf        (-Th)    -0.801   m0/count<4>
                                                       m0/count<4>_rt
                                                       m0/Mcount_count_xor<4>
                                                       m0/count_4
    -------------------------------------------------  ---------------------------
    Total                                      1.580ns (1.274ns logic, 0.306ns route)
                                                       (80.6% logic, 19.4% route)

--------------------------------------------------------------------------------

Paths for end point m0/count_14 (SLICE_X19Y87.F3), 1 path
--------------------------------------------------------------------------------
Slack (hold path):      1.622ns (requirement - (clock path skew + uncertainty - data path))
  Source:               m0/count_14 (FF)
  Destination:          m0/count_14 (FF)
  Requirement:          0.000ns
  Data Path Delay:      1.622ns (Levels of Logic = 1)
  Clock Path Skew:      0.000ns
  Source Clock:         clk_BUFGP rising at 20.000ns
  Destination Clock:    clk_BUFGP rising at 20.000ns
  Clock Uncertainty:    0.000ns

  Minimum Data Path: m0/count_14 to m0/count_14
    Location             Delay type         Delay(ns)  Physical Resource
                                                       Logical Resource(s)
    -------------------------------------------------  -------------------
    SLICE_X19Y87.XQ      Tcko                  0.473   m0/count<14>
                                                       m0/count_14
    SLICE_X19Y87.F3      net (fanout=3)        0.348   m0/count<14>
    SLICE_X19Y87.CLK     Tckf        (-Th)    -0.801   m0/count<14>
                                                       m0/count<14>_rt.1
                                                       m0/Mcount_count_xor<14>
                                                       m0/count_14
    -------------------------------------------------  ---------------------------
    Total                                      1.622ns (1.274ns logic, 0.348ns route)
                                                       (78.5% logic, 21.5% route)

--------------------------------------------------------------------------------

Component Switching Limit Checks: NET "clk_BUFGP/IBUFG" PERIOD = 20 ns HIGH 50%;
--------------------------------------------------------------------------------
Slack: 18.348ns (period - (min low pulse limit / (low pulse / period)))
  Period: 20.000ns
  Low pulse: 10.000ns
  Low pulse limit: 0.826ns (Tcl)
  Physical resource: cuenta<11>/CLK
  Logical resource: cuenta_11/CK
  Location pin: SLICE_X22Y32.CLK
  Clock network: clk_BUFGP
--------------------------------------------------------------------------------
Slack: 18.348ns (period - (min high pulse limit / (high pulse / period)))
  Period: 20.000ns
  High pulse: 10.000ns
  High pulse limit: 0.826ns (Tch)
  Physical resource: cuenta<11>/CLK
  Logical resource: cuenta_11/CK
  Location pin: SLICE_X22Y32.CLK
  Clock network: clk_BUFGP
--------------------------------------------------------------------------------
Slack: 18.348ns (period - min period limit)
  Period: 20.000ns
  Min period limit: 1.652ns (605.327MHz) (Tcp)
  Physical resource: cuenta<11>/CLK
  Logical resource: cuenta_11/CK
  Location pin: SLICE_X22Y32.CLK
  Clock network: clk_BUFGP
--------------------------------------------------------------------------------


All constraints were met.


Data Sheet report:
-----------------
All values displayed in nanoseconds (ns)

Clock to Setup on destination clock clk
---------------+---------+---------+---------+---------+
               | Src:Rise| Src:Fall| Src:Rise| Src:Fall|
Source Clock   |Dest:Rise|Dest:Rise|Dest:Fall|Dest:Fall|
---------------+---------+---------+---------+---------+
clk            |    9.209|         |         |         |
---------------+---------+---------+---------+---------+


Timing summary:
---------------

Timing errors: 0  Score: 0  (Setup/Max: 0, Hold: 0)

Constraints cover 2220 paths, 0 nets, and 323 connections

Design statistics:
   Minimum period:   9.209ns{1}   (Maximum frequency: 108.589MHz)


------------------------------------Footnotes-----------------------------------
1)  The minimum period statistic assumes all single cycle delays.

Analysis completed Tue Dec 18 12:15:46 2018 
--------------------------------------------------------------------------------

Trace Settings:
-------------------------
Trace Settings 

Peak Memory Usage: 4511 MB



